<?xml version="1.0" encoding="UTF-8"?>
<!-- Generated by org.testng.reporters.JUnitReportReporter -->
<testsuite hostname="BGLRT4700515" name="testcases.Assignment_14" tests="2" failures="0" timestamp="12 Nov 2021 11:29:45 GMT" time="6.964" errors="0">
  <testcase name="TC014_CSSselectors_Validation" time="6.061" classname="testcases.Assignment_14"/>
  <testcase name="TC015_XpathSelectors_Validation" time="0.903" classname="testcases.Assignment_14"/>
</testsuite> <!-- testcases.Assignment_14 -->
