<?xml version="1.0" encoding="UTF-8"?>
<!-- Generated by org.testng.reporters.JUnitReportReporter -->
<testsuite hostname="BGLRT4700515" name="testcases.Assignment_8To" tests="1" failures="0" timestamp="12 Nov 2021 10:26:26 GMT" time="20.636" errors="0">
  <testcase name="TC008_PageTitles" time="20.636" classname="testcases.Assignment_8To"/>
</testsuite> <!-- testcases.Assignment_8To -->
