<?xml version="1.0" encoding="UTF-8"?>
<!-- Generated by org.testng.reporters.JUnitReportReporter -->
<testsuite hostname="BGLRT4700515" name="testcases.Assignment1" tests="5" failures="0" timestamp="9 Nov 2021 09:58:57 GMT" time="12.779" errors="0">
  <testcase name="TC003_LoginPageElements" time="1.067" classname="testcases.Assignment1"/>
  <testcase name="TC005_AdminLink" time="0.702" classname="testcases.Assignment1"/>
  <testcase name="TC001_LaunchURL" time="5.989" classname="testcases.Assignment1"/>
  <testcase name="TC002_Title" time="0.030" classname="testcases.Assignment1"/>
  <testcase name="TC004_LoginValidCredentials" time="4.991" classname="testcases.Assignment1"/>
</testsuite> <!-- testcases.Assignment1 -->
