<?xml version="1.0" encoding="UTF-8"?>
<!-- Generated by org.testng.reporters.JUnitReportReporter -->
<testsuite hostname="BGLRT4700515" name="testcases.Assignment_1To5" tests="5" failures="0" timestamp="12 Nov 2021 10:12:41 GMT" time="25.475" errors="0">
  <testcase name="TC005_AdminLink_Text_Validation" time="0.737" classname="testcases.Assignment_1To5"/>
  <testcase name="TC001_LaunchURL" time="14.466" classname="testcases.Assignment_1To5"/>
  <testcase name="TC003_LoginPageElements" time="0.941" classname="testcases.Assignment_1To5"/>
  <testcase name="TC002_Title" time="0.032" classname="testcases.Assignment_1To5"/>
  <testcase name="TC004_LoginValidCredentials" time="9.299" classname="testcases.Assignment_1To5"/>
</testsuite> <!-- testcases.Assignment_1To5 -->
