<?xml version="1.0" encoding="UTF-8"?>
<!-- Generated by org.testng.reporters.JUnitReportReporter -->
<testsuite hostname="BGLRT4700515" name="seleniumassignments.Assignment1" tests="3" failures="0" timestamp="30 Oct 2021 08:31:51 GMT" time="7.183" errors="0">
  <testcase name="TC001_LaunchURL" time="7.048" classname="seleniumassignments.Assignment1"/>
  <testcase name="TC002_Title" time="0.024" classname="seleniumassignments.Assignment1"/>
  <testcase name="TC003_LoginPageElements" time="0.111" classname="seleniumassignments.Assignment1"/>
</testsuite> <!-- seleniumassignments.Assignment1 -->
