<?xml version="1.0" encoding="UTF-8"?>
<!-- Generated by org.testng.reporters.JUnitReportReporter -->
<testsuite hostname="BGLRT4700515" name="testcases.Assignment_6To7" tests="1" failures="0" timestamp="12 Nov 2021 10:18:18 GMT" time="7.966" errors="0">
  <testcase name="TC006_7_BeforeSuiteAndPriorityLogin" time="7.966" classname="testcases.Assignment_6To7"/>
</testsuite> <!-- testcases.Assignment_6To7 -->
