<?xml version="1.0" encoding="UTF-8"?>
<!-- Generated by org.testng.reporters.JUnitReportReporter -->
<testsuite hostname="BGLRT4700515" name="testcases.Assignment_8To9" tests="1" failures="0" timestamp="12 Nov 2021 10:27:51 GMT" time="29.267" errors="0">
  <testcase name="TC008_PageTitles" time="29.267" classname="testcases.Assignment_8To9"/>
</testsuite> <!-- testcases.Assignment_8To9 -->
