<?xml version="1.0" encoding="UTF-8"?>
<!-- Generated by org.testng.reporters.JUnitReportReporter -->
<testsuite hostname="BGLRT4700515" name="testcases.Assignment_13" tests="1" failures="0" timestamp="12 Nov 2021 11:19:37 GMT" time="8.234" errors="0">
  <testcase name="TC013_PIM_Validation" time="8.234" classname="testcases.Assignment_13"/>
</testsuite> <!-- testcases.Assignment_13 -->
